2021-12-19 15:03:27,401 P3137 [INFO] ************************************************************
2021-12-19 15:03:27,401 P3137 [INFO] ConfigSet _OnInstanceBoot
2021-12-19 15:03:27,404 P3137 [INFO] ++++++++++++++++++++++++++++++++++++++++++++++++++++++++++++
2021-12-19 15:03:27,404 P3137 [INFO] Config AWSEBBaseConfig
2021-12-19 15:03:27,572 P3137 [INFO] ============================================================
2021-12-19 15:03:27,572 P3137 [INFO] Command clearbackupfiles
2021-12-19 15:03:27,586 P3137 [INFO] Completed successfully.
2021-12-19 15:03:27,590 P3137 [INFO] ++++++++++++++++++++++++++++++++++++++++++++++++++++++++++++
2021-12-19 15:03:27,590 P3137 [INFO] Config AWSEBCfnHupEndpointOverride
2021-12-19 15:03:27,591 P3137 [INFO] ============================================================
2021-12-19 15:03:27,591 P3137 [INFO] Command clearbackupfiles
2021-12-19 15:03:27,594 P3137 [INFO] Completed successfully.
2021-12-19 15:04:06,388 P3315 [INFO] ************************************************************
2021-12-19 15:04:06,388 P3315 [INFO] ConfigSet Infra-EmbeddedPreBuild
2021-12-19 17:16:44,312 P30929 [INFO] ************************************************************
2021-12-19 17:16:44,312 P30929 [INFO] ConfigSet Infra-EmbeddedPreBuild
2021-12-19 17:26:43,697 P31187 [INFO] ************************************************************
2021-12-19 17:26:43,697 P31187 [INFO] ConfigSet Infra-EmbeddedPreBuild
2021-12-19 17:33:48,788 P31387 [INFO] ************************************************************
2021-12-19 17:33:48,788 P31387 [INFO] ConfigSet Infra-EmbeddedPreBuild
2021-12-19 17:37:39,445 P31539 [INFO] ************************************************************
2021-12-19 17:37:39,445 P31539 [INFO] ConfigSet Infra-EmbeddedPreBuild
