2021-12-19 15:03:27,381 [INFO] -----------------------Starting build-----------------------
2021-12-19 15:03:27,399 [INFO] Running configSets: _OnInstanceBoot
2021-12-19 15:03:27,401 [INFO] Running configSet _OnInstanceBoot
2021-12-19 15:03:27,404 [INFO] Running config AWSEBBaseConfig
2021-12-19 15:03:27,586 [INFO] Command clearbackupfiles succeeded
2021-12-19 15:03:27,590 [INFO] Running config AWSEBCfnHupEndpointOverride
2021-12-19 15:03:27,594 [INFO] Command clearbackupfiles succeeded
2021-12-19 15:03:27,595 [INFO] ConfigSets completed
2021-12-19 15:03:27,596 [INFO] -----------------------Build complete-----------------------
2021-12-19 15:04:06,379 [INFO] -----------------------Starting build-----------------------
2021-12-19 15:04:06,385 [INFO] Running configSets: Infra-EmbeddedPreBuild
2021-12-19 15:04:06,388 [INFO] Running configSet Infra-EmbeddedPreBuild
2021-12-19 15:04:06,388 [INFO] ConfigSets completed
2021-12-19 15:04:06,388 [INFO] -----------------------Build complete-----------------------
2021-12-19 17:16:44,303 [INFO] -----------------------Starting build-----------------------
2021-12-19 17:16:44,310 [INFO] Running configSets: Infra-EmbeddedPreBuild
2021-12-19 17:16:44,312 [INFO] Running configSet Infra-EmbeddedPreBuild
2021-12-19 17:16:44,312 [INFO] ConfigSets completed
2021-12-19 17:16:44,312 [INFO] -----------------------Build complete-----------------------
2021-12-19 17:26:43,688 [INFO] -----------------------Starting build-----------------------
2021-12-19 17:26:43,694 [INFO] Running configSets: Infra-EmbeddedPreBuild
2021-12-19 17:26:43,697 [INFO] Running configSet Infra-EmbeddedPreBuild
2021-12-19 17:26:43,697 [INFO] ConfigSets completed
2021-12-19 17:26:43,697 [INFO] -----------------------Build complete-----------------------
2021-12-19 17:33:48,779 [INFO] -----------------------Starting build-----------------------
2021-12-19 17:33:48,785 [INFO] Running configSets: Infra-EmbeddedPreBuild
2021-12-19 17:33:48,787 [INFO] Running configSet Infra-EmbeddedPreBuild
2021-12-19 17:33:48,788 [INFO] ConfigSets completed
2021-12-19 17:33:48,788 [INFO] -----------------------Build complete-----------------------
2021-12-19 17:37:39,436 [INFO] -----------------------Starting build-----------------------
2021-12-19 17:37:39,442 [INFO] Running configSets: Infra-EmbeddedPreBuild
2021-12-19 17:37:39,445 [INFO] Running configSet Infra-EmbeddedPreBuild
2021-12-19 17:37:39,445 [INFO] ConfigSets completed
2021-12-19 17:37:39,445 [INFO] -----------------------Build complete-----------------------
