[2021-12-19T15:03:25Z] Started EB User Data
+ SLEEP_TIME=10
+ SLEEP_TIME_MAX=3600
+ true
+ curl https://elasticbeanstalk-platform-assets-us-west-2.s3.us-west-2.amazonaws.com/stalks/eb_python37_amazon_linux_2_1.0.1807.0_20211116012127/lib/UserDataScript.sh
  % Total    % Received % Xferd  Average Speed   Time    Time     Time  Current
                                 Dload  Upload   Total   Spent    Left  Speed
  0     0    0     0    0     0      0      0 --:--:-- --:--:-- --:--:--     0100  4627  100  4627    0     0  47701      0 --:--:-- --:--:-- --:--:-- 47701
+ RESULT=0
+ [[ 0 -ne 0 ]]
+ SLEEP_TIME=2
+ /bin/bash /tmp/ebbootstrap.sh 'https://cloudformation-waitcondition-us-west-2.s3-us-west-2.amazonaws.com/arn%3Aaws%3Acloudformation%3Aus-west-2%3A222477928330%3Astack/awseb-e-m3rhdv3whj-stack/9b6398b0-60dc-11ec-83de-06d630cd98f9/AWSEBInstanceLaunchWaitHandle?X-Amz-Algorithm=AWS4-HMAC-SHA256&X-Amz-Date=20211219T150201Z&X-Amz-SignedHeaders=host&X-Amz-Expires=86399&X-Amz-Credential=AKIAJBJSWSW6NLR67N6A%2F20211219%2Fus-west-2%2Fs3%2Faws4_request&X-Amz-Signature=d820736d411606a365e1dcb70031d061a54d604cb636c7bcb7c5d5b9a375bc83' arn:aws:cloudformation:us-west-2:222477928330:stack/awseb-e-m3rhdv3whj-stack/9b6398b0-60dc-11ec-83de-06d630cd98f9 8573dc67-0ed4-47da-808e-24e44db91147 https://elasticbeanstalk-health.us-west-2.amazonaws.com '' https://elasticbeanstalk-platform-assets-us-west-2.s3.us-west-2.amazonaws.com/stalks/eb_python37_amazon_linux_2_1.0.1807.0_20211116012127 us-west-2
[2021-12-19T15:03:25.844Z] Started EB Bootstrapping Script.
[2021-12-19T15:03:25.861Z] Received parameters:
 TARBALLS = 
 EB_GEMS = 
 SIGNAL_URL = https://cloudformation-waitcondition-us-west-2.s3-us-west-2.amazonaws.com/arn%3Aaws%3Acloudformation%3Aus-west-2%3A222477928330%3Astack/awseb-e-m3rhdv3whj-stack/9b6398b0-60dc-11ec-83de-06d630cd98f9/AWSEBInstanceLaunchWaitHandle?X-Amz-Algorithm=AWS4-HMAC-SHA256&X-Amz-Date=20211219T150201Z&X-Amz-SignedHeaders=host&X-Amz-Expires=86399&X-Amz-Credential=AKIAJBJSWSW6NLR67N6A%2F20211219%2Fus-west-2%2Fs3%2Faws4_request&X-Amz-Signature=d820736d411606a365e1dcb70031d061a54d604cb636c7bcb7c5d5b9a375bc83
 STACK_ID = arn:aws:cloudformation:us-west-2:222477928330:stack/awseb-e-m3rhdv3whj-stack/9b6398b0-60dc-11ec-83de-06d630cd98f9
 REGION = us-west-2
 GUID = 
 HEALTHD_GROUP_ID = 8573dc67-0ed4-47da-808e-24e44db91147
 HEALTHD_ENDPOINT = https://elasticbeanstalk-health.us-west-2.amazonaws.com
 PROXY_SERVER = 
 HEALTHD_PROXY_LOG_LOCATION = 
 PLATFORM_ASSETS_URL = https://elasticbeanstalk-platform-assets-us-west-2.s3.us-west-2.amazonaws.com/stalks/eb_python37_amazon_linux_2_1.0.1807.0_20211116012127
[2021-12-19T15:03:25.898Z] engine url is set to https://elasticbeanstalk-platform-assets-us-west-2.s3.us-west-2.amazonaws.com/stalks/eb_python37_amazon_linux_2_1.0.1807.0_20211116012127/lib/platform-engine.zip
[2021-12-19T15:03:26.982Z] first init of instance.
[2021-12-19T15:03:26.021Z] Started executing cfn_init _OnInstanceBoot.
[2021-12-19T15:03:26.030Z] Running cfn-init ConfigSet: _OnInstanceBoot.
[2021-12-19T15:03:26.043Z] Using stack-id from userdata
[2021-12-19T15:03:27.618Z] Command Returned: 
[2021-12-19T15:03:27.625Z] Completed executing cfn_init.
[2021-12-19T15:03:27.634Z] finished _OnInstanceBoot
--2021-12-19 15:03:27--  https://elasticbeanstalk-platform-assets-us-west-2.s3.us-west-2.amazonaws.com/stalks/eb_python37_amazon_linux_2_1.0.1807.0_20211116012127/lib/platform-engine.zip
Resolving elasticbeanstalk-platform-assets-us-west-2.s3.us-west-2.amazonaws.com (elasticbeanstalk-platform-assets-us-west-2.s3.us-west-2.amazonaws.com)... 52.218.236.145
Connecting to elasticbeanstalk-platform-assets-us-west-2.s3.us-west-2.amazonaws.com (elasticbeanstalk-platform-assets-us-west-2.s3.us-west-2.amazonaws.com)|52.218.236.145|:443... connected.
HTTP request sent, awaiting response... 200 OK
Length: 26661950 (25M) [application/zip]
Saving to: ‘/tmp/platform-engine.zip’

     0K .......... .......... .......... .......... ..........  0% 10.8M 2s
    50K .......... .......... .......... .......... ..........  0% 9.36M 3s
   100K .......... .......... .......... .......... ..........  0% 5.03M 3s
   150K .......... .......... .......... .......... ..........  0% 87.0M 3s
   200K .......... .......... .......... .......... ..........  0% 55.7M 2s
   250K .......... .......... .......... .......... ..........  1% 4.86M 3s
   300K .......... .......... .......... .......... ..........  1% 5.33M 3s
   350K .......... .......... .......... .......... ..........  1% 67.8M 3s
   400K .......... .......... .......... .......... ..........  1% 63.6M 2s
   450K .......... .......... .......... .......... ..........  1% 6.24M 3s
   500K .......... .......... .......... .......... ..........  2% 78.6M 2s
   550K .......... .......... .......... .......... ..........  2% 7.91M 2s
   600K .......... .......... .......... .......... ..........  2% 8.89M 2s
   650K .......... .......... .......... .......... ..........  2%  172M 2s
   700K .......... .......... .......... .......... ..........  2% 8.59M 2s
   750K .......... .......... .......... .......... ..........  3% 8.54M 2s
   800K .......... .......... .......... .......... ..........  3%  228M 2s
   850K .......... .......... .......... .......... ..........  3% 62.0M 2s
   900K .......... .......... .......... .......... ..........  3% 6.82M 2s
   950K .......... .......... .......... .......... ..........  3% 84.6M 2s
  1000K .......... .......... .......... .......... ..........  4% 7.04M 2s
  1050K .......... .......... .......... .......... ..........  4% 60.7M 2s
  1100K .......... .......... .......... .......... ..........  4% 7.78M 2s
  1150K .......... .......... .......... .......... ..........  4%  209M 2s
  1200K .......... .......... .......... .......... ..........  4% 8.36M 2s
  1250K .......... .......... .......... .......... ..........  4%  251M 2s
  1300K .......... .......... .......... .......... ..........  5% 7.69M 2s
  1350K .......... .......... .......... .......... ..........  5% 7.43M 2s
  1400K .......... .......... .......... .......... ..........  5%  207M 2s
  1450K .......... .......... .......... .......... ..........  5% 7.35M 2s
  1500K .......... .......... .......... .......... ..........  5%  217M 2s
  1550K .......... .......... .......... .......... ..........  6%  160M 2s
  1600K .......... .......... .......... .......... ..........  6% 6.94M 2s
  1650K .......... .......... .......... .......... ..........  6%  253M 2s
  1700K .......... .......... .......... .......... ..........  6%  158M 2s
  1750K .......... .......... .......... .......... ..........  6% 83.5M 2s
  1800K .......... .......... .......... .......... ..........  7% 6.74M 2s
  1850K .......... .......... .......... .......... ..........  7%  220M 2s
  1900K .......... .......... .......... .......... ..........  7%  128M 2s
  1950K .......... .......... .......... .......... ..........  7%  163M 2s
  2000K .......... .......... .......... .......... ..........  7%  127M 2s
  2050K .......... .......... .......... .......... ..........  8% 57.5M 2s
  2100K .......... .......... .......... .......... ..........  8% 8.94M 2s
  2150K .......... .......... .......... .......... ..........  8%  197M 2s
  2200K .......... .......... .......... .......... ..........  8%  166M 2s
  2250K .......... .......... .......... .......... ..........  8% 71.5M 2s
  2300K .......... .......... .......... .......... ..........  9% 8.76M 2s
  2350K .......... .......... .......... .......... ..........  9%  132M 2s
  2400K .......... .......... .......... .......... ..........  9%  186M 1s
  2450K .......... .......... .......... .......... ..........  9% 7.45M 2s
  2500K .......... .......... .......... .......... ..........  9%  224M 1s
  2550K .......... .......... .......... .......... ..........  9%  254M 1s
  2600K .......... .......... .......... .......... .......... 10%  230M 1s
  2650K .......... .......... .......... .......... .......... 10% 6.83M 1s
  2700K .......... .......... .......... .......... .......... 10%  140M 1s
  2750K .......... .......... .......... .......... .......... 10%  148M 1s
  2800K .......... .......... .......... .......... .......... 10% 77.1M 1s
  2850K .......... .......... .......... .......... .......... 11% 49.5M 1s
  2900K .......... .......... .......... .......... .......... 11% 5.58M 1s
  2950K .......... .......... .......... .......... .......... 11%  258M 1s
  3000K .......... .......... .......... .......... .......... 11%  130M 1s
  3050K .......... .......... .......... .......... .......... 11%  165M 1s
  3100K .......... .......... .......... .......... .......... 12% 5.30M 1s
  3150K .......... .......... .......... .......... .......... 12%  209M 1s
  3200K .......... .......... .......... .......... .......... 12%  149M 1s
  3250K .......... .......... .......... .......... .......... 12%  234M 1s
  3300K .......... .......... .......... .......... .......... 12% 5.40M 1s
  3350K .......... .......... .......... .......... .......... 13%  269M 1s
  3400K .......... .......... .......... .......... .......... 13%  159M 1s
  3450K .......... .......... .......... .......... .......... 13%  244M 1s
  3500K .......... .......... .......... .......... .......... 13%  193M 1s
  3550K .......... .......... .......... .......... .......... 13% 5.98M 1s
  3600K .......... .......... .......... .......... .......... 14%  209M 1s
  3650K .......... .......... .......... .......... .......... 14%  126M 1s
  3700K .......... .......... .......... .......... .......... 14%  185M 1s
  3750K .......... .......... .......... .......... .......... 14%  185M 1s
  3800K .......... .......... .......... .......... .......... 14% 56.4M 1s
  3850K .......... .......... .......... .......... .......... 14% 4.95M 1s
  3900K .......... .......... .......... .......... .......... 15%  207M 1s
  3950K .......... .......... .......... .......... .......... 15%  122M 1s
  4000K .......... .......... .......... .......... .......... 15%  105M 1s
  4050K .......... .......... .......... .......... .......... 15% 64.3M 1s
  4100K .......... .......... .......... .......... .......... 15% 59.6M 1s
  4150K .......... .......... .......... .......... .......... 16% 64.6M 1s
  4200K .......... .......... .......... .......... .......... 16% 64.8M 1s
  4250K .......... .......... .......... .......... .......... 16% 66.9M 1s
  4300K .......... .......... .......... .......... .......... 16% 5.24M 1s
  4350K .......... .......... .......... .......... .......... 16%  231M 1s
  4400K .......... .......... .......... .......... .......... 17%  143M 1s
  4450K .......... .......... .......... .......... .......... 17%  236M 1s
  4500K .......... .......... .......... .......... .......... 17%  241M 1s
  4550K .......... .......... .......... .......... .......... 17% 3.35M 1s
  4600K .......... .......... .......... .......... .......... 17%  108M 1s
  4650K .......... .......... .......... .......... .......... 18%  159M 1s
  4700K .......... .......... .......... .......... .......... 18%  194M 1s
  4750K .......... .......... .......... .......... .......... 18%  194M 1s
  4800K .......... .......... .......... .......... .......... 18%  168M 1s
  4850K .......... .......... .......... .......... .......... 18%  161M 1s
  4900K .......... .......... .......... .......... .......... 19% 5.61M 1s
  4950K .......... .......... .......... .......... .......... 19%  182M 1s
  5000K .......... .......... .......... .......... .......... 19% 80.3M 1s
  5050K .......... .......... .......... .......... .......... 19% 68.9M 1s
  5100K .......... .......... .......... .......... .......... 19% 82.1M 1s
  5150K .......... .......... .......... .......... .......... 19% 67.5M 1s
  5200K .......... .......... .......... .......... .......... 20% 65.3M 1s
  5250K .......... .......... .......... .......... .......... 20% 76.5M 1s
  5300K .......... .......... .......... .......... .......... 20% 60.7M 1s
  5350K .......... .......... .......... .......... .......... 20% 66.7M 1s
  5400K .......... .......... .......... .......... .......... 20% 71.7M 1s
  5450K .......... .......... .......... .......... .......... 21% 4.97M 1s
  5500K .......... .......... .......... .......... .......... 21%  226M 1s
  5550K .......... .......... .......... .......... .......... 21%  102M 1s
  5600K .......... .......... .......... .......... .......... 21%  171M 1s
  5650K .......... .......... .......... .......... .......... 21%  166M 1s
  5700K .......... .......... .......... .......... .......... 22%  157M 1s
  5750K .......... .......... .......... .......... .......... 22%  185M 1s
  5800K .......... .......... .......... .......... .......... 22% 7.61M 1s
  5850K .......... .......... .......... .......... .......... 22%  215M 1s
  5900K .......... .......... .......... .......... .......... 22%  123M 1s
  5950K .......... .......... .......... .......... .......... 23%  195M 1s
  6000K .......... .......... .......... .......... .......... 23%  165M 1s
  6050K .......... .......... .......... .......... .......... 23%  165M 1s
  6100K .......... .......... .......... .......... .......... 23%  170M 1s
  6150K .......... .......... .......... .......... .......... 23%  176M 1s
  6200K .......... .......... .......... .......... .......... 24% 7.70M 1s
  6250K .......... .......... .......... .......... .......... 24%  104M 1s
  6300K .......... .......... .......... .......... .......... 24%  179M 1s
  6350K .......... .......... .......... .......... .......... 24%  196M 1s
  6400K .......... .......... .......... .......... .......... 24%  168M 1s
  6450K .......... .......... .......... .......... .......... 24% 81.9M 1s
  6500K .......... .......... .......... .......... .......... 25% 5.77M 1s
  6550K .......... .......... .......... .......... .......... 25%  106M 1s
  6600K .......... .......... .......... .......... .......... 25%  169M 1s
  6650K .......... .......... .......... .......... .......... 25%  172M 1s
  6700K .......... .......... .......... .......... .......... 25%  109M 1s
  6750K .......... .......... .......... .......... .......... 26% 83.7M 1s
  6800K .......... .......... .......... .......... .......... 26% 73.9M 1s
  6850K .......... .......... .......... .......... .......... 26% 66.6M 1s
  6900K .......... .......... .......... .......... .......... 26% 72.6M 1s
  6950K .......... .......... .......... .......... .......... 26% 80.9M 1s
  7000K .......... .......... .......... .......... .......... 27% 6.16M 1s
  7050K .......... .......... .......... .......... .......... 27%  224M 1s
  7100K .......... .......... .......... .......... .......... 27% 88.0M 1s
  7150K .......... .......... .......... .......... .......... 27%  214M 1s
  7200K .......... .......... .......... .......... .......... 27%  229M 1s
  7250K .......... .......... .......... .......... .......... 28%  201M 1s
  7300K .......... .......... .......... .......... .......... 28%  171M 1s
  7350K .......... .......... .......... .......... .......... 28% 4.74M 1s
  7400K .......... .......... .......... .......... .......... 28%  213M 1s
  7450K .......... .......... .......... .......... .......... 28% 92.8M 1s
  7500K .......... .......... .......... .......... .......... 28%  160M 1s
  7550K .......... .......... .......... .......... .......... 29%  179M 1s
  7600K .......... .......... .......... .......... .......... 29%  195M 1s
  7650K .......... .......... .......... .......... .......... 29%  178M 1s
  7700K .......... .......... .......... .......... .......... 29% 99.1M 1s
  7750K .......... .......... .......... .......... .......... 29% 75.4M 1s
  7800K .......... .......... .......... .......... .......... 30% 78.1M 1s
  7850K .......... .......... .......... .......... .......... 30% 59.7M 1s
  7900K .......... .......... .......... .......... .......... 30% 67.8M 1s
  7950K .......... .......... .......... .......... .......... 30% 67.1M 1s
  8000K .......... .......... .......... .......... .......... 30% 68.7M 1s
  8050K .......... .......... .......... .......... .......... 31% 5.41M 1s
  8100K .......... .......... .......... .......... .......... 31%  142M 1s
  8150K .......... .......... .......... .......... .......... 31%  232M 1s
  8200K .......... .......... .......... .......... .......... 31% 5.56M 1s
  8250K .......... .......... .......... .......... .......... 31%  215M 1s
  8300K .......... .......... .......... .......... .......... 32% 82.1M 1s
  8350K .......... .......... .......... .......... .......... 32%  159M 1s
  8400K .......... .......... .......... .......... .......... 32%  152M 1s
  8450K .......... .......... .......... .......... .......... 32%  191M 1s
  8500K .......... .......... .......... .......... .......... 32%  184M 1s
  8550K .......... .......... .......... .......... .......... 33% 99.0M 1s
  8600K .......... .......... .......... .......... .......... 33% 75.5M 1s
  8650K .......... .......... .......... .......... .......... 33% 66.6M 1s
  8700K .......... .......... .......... .......... .......... 33% 63.7M 1s
  8750K .......... .......... .......... .......... .......... 33% 78.9M 1s
  8800K .......... .......... .......... .......... .......... 33% 66.3M 1s
  8850K .......... .......... .......... .......... .......... 34% 67.0M 1s
  8900K .......... .......... .......... .......... .......... 34% 78.9M 1s
  8950K .......... .......... .......... .......... .......... 34% 51.7M 1s
  9000K .......... .......... .......... .......... .......... 34% 6.93M 1s
  9050K .......... .......... .......... .......... .......... 34%  219M 1s
  9100K .......... .......... .......... .......... .......... 35%  106M 1s
  9150K .......... .......... .......... .......... .......... 35%  169M 1s
  9200K .......... .......... .......... .......... .......... 35%  206M 1s
  9250K .......... .......... .......... .......... .......... 35%  182M 1s
  9300K .......... .......... .......... .......... .......... 35% 95.6M 1s
  9350K .......... .......... .......... .......... .......... 36% 80.1M 1s
  9400K .......... .......... .......... .......... .......... 36% 6.44M 1s
  9450K .......... .......... .......... .......... .......... 36%  112M 1s
  9500K .......... .......... .......... .......... .......... 36%  167M 1s
  9550K .......... .......... .......... .......... .......... 36%  169M 1s
  9600K .......... .......... .......... .......... .......... 37%  218M 1s
  9650K .......... .......... .......... .......... .......... 37%  185M 1s
  9700K .......... .......... .......... .......... .......... 37%  204M 1s
  9750K .......... .......... .......... .......... .......... 37%  182M 1s
  9800K .......... .......... .......... .......... .......... 37% 44.1M 1s
  9850K .......... .......... .......... .......... .......... 38% 7.44M 1s
  9900K .......... .......... .......... .......... .......... 38% 98.9M 1s
  9950K .......... .......... .......... .......... .......... 38%  159M 1s
 10000K .......... .......... .......... .......... .......... 38%  128M 1s
 10050K .......... .......... .......... .......... .......... 38% 65.3M 1s
 10100K .......... .......... .......... .......... .......... 38% 65.3M 1s
 10150K .......... .......... .......... .......... .......... 39% 76.4M 1s
 10200K .......... .......... .......... .......... .......... 39% 6.40M 1s
 10250K .......... .......... .......... .......... .......... 39%  221M 1s
 10300K .......... .......... .......... .......... .......... 39%  111M 1s
 10350K .......... .......... .......... .......... .......... 39%  176M 1s
 10400K .......... .......... .......... .......... .......... 40% 80.3M 1s
 10450K .......... .......... .......... .......... .......... 40% 64.3M 1s
 10500K .......... .......... .......... .......... .......... 40% 64.7M 1s
 10550K .......... .......... .......... .......... .......... 40% 73.0M 1s
 10600K .......... .......... .......... .......... .......... 40% 89.0M 1s
 10650K .......... .......... .......... .......... .......... 41% 65.4M 1s
 10700K .......... .......... .......... .......... .......... 41% 44.4M 1s
 10750K .......... .......... .......... .......... .......... 41% 5.71M 1s
 10800K .......... .......... .......... .......... .......... 41%  234M 1s
 10850K .......... .......... .......... .......... .......... 41%  245M 1s
 10900K .......... .......... .......... .......... .......... 42% 81.5M 1s
 10950K .......... .......... .......... .......... .......... 42% 57.4M 1s
 11000K .......... .......... .......... .......... .......... 42% 68.3M 1s
 11050K .......... .......... .......... .......... .......... 42% 66.0M 1s
 11100K .......... .......... .......... .......... .......... 42% 59.5M 1s
 11150K .......... .......... .......... .......... .......... 43% 74.6M 1s
 11200K .......... .......... .......... .......... .......... 43% 61.9M 1s
 11250K .......... .......... .......... .......... .......... 43% 65.8M 1s
 11300K .......... .......... .......... .......... .......... 43% 60.4M 1s
 11350K .......... .......... .......... .......... .......... 43% 57.8M 1s
 11400K .......... .......... .......... .......... .......... 43% 71.7M 1s
 11450K .......... .......... .......... .......... .......... 44% 71.4M 1s
 11500K .......... .......... .......... .......... .......... 44% 7.38M 1s
 11550K .......... .......... .......... .......... .......... 44%  111M 1s
 11600K .......... .......... .......... .......... .......... 44%  166M 1s
 11650K .......... .......... .......... .......... .......... 44%  155M 1s
 11700K .......... .......... .......... .......... .......... 45%  155M 1s
 11750K .......... .......... .......... .......... .......... 45%  154M 1s
 11800K .......... .......... .......... .......... .......... 45%  158M 1s
 11850K .......... .......... .......... .......... .......... 45%  107M 1s
 11900K .......... .......... .......... .......... .......... 45% 7.51M 1s
 11950K .......... .......... .......... .......... .......... 46%  221M 1s
 12000K .......... .......... .......... .......... .......... 46%  105M 1s
 12050K .......... .......... .......... .......... .......... 46%  188M 1s
 12100K .......... .......... .......... .......... .......... 46%  169M 1s
 12150K .......... .......... .......... .......... .......... 46%  167M 0s
 12200K .......... .......... .......... .......... .......... 47%  115M 0s
 12250K .......... .......... .......... .......... .......... 47% 64.2M 0s
 12300K .......... .......... .......... .......... .......... 47% 83.4M 0s
 12350K .......... .......... .......... .......... .......... 47% 7.63M 0s
 12400K .......... .......... .......... .......... .......... 47%  116M 0s
 12450K .......... .......... .......... .......... .......... 48%  152M 0s
 12500K .......... .......... .......... .......... .......... 48% 65.0M 0s
 12550K .......... .......... .......... .......... .......... 48% 67.5M 0s
 12600K .......... .......... .......... .......... .......... 48% 75.2M 0s
 12650K .......... .......... .......... .......... .......... 48% 77.3M 0s
 12700K .......... .......... .......... .......... .......... 48% 68.8M 0s
 12750K .......... .......... .......... .......... .......... 49% 45.5M 0s
 12800K .......... .......... .......... .......... .......... 49% 7.95M 0s
 12850K .......... .......... .......... .......... .......... 49%  105M 0s
 12900K .......... .......... .......... .......... .......... 49%  172M 0s
 12950K .......... .......... .......... .......... .......... 49%  211M 0s
 13000K .......... .......... .......... .......... .......... 50%  149M 0s
 13050K .......... .......... .......... .......... .......... 50% 44.0M 0s
 13100K .......... .......... .......... .......... .......... 50% 6.22M 0s
 13150K .......... .......... .......... .......... .......... 50%  117M 0s
 13200K .......... .......... .......... .......... .......... 50%  204M 0s
 13250K .......... .......... .......... .......... .......... 51% 74.7M 0s
 13300K .......... .......... .......... .......... .......... 51% 78.8M 0s
 13350K .......... .......... .......... .......... .......... 51% 81.7M 0s
 13400K .......... .......... .......... .......... .......... 51% 76.7M 0s
 13450K .......... .......... .......... .......... .......... 51% 65.9M 0s
 13500K .......... .......... .......... .......... .......... 52% 74.1M 0s
 13550K .......... .......... .......... .......... .......... 52% 7.11M 0s
 13600K .......... .......... .......... .......... .......... 52%  244M 0s
 13650K .......... .......... .......... .......... .......... 52%  120M 0s
 13700K .......... .......... .......... .......... .......... 52%  193M 0s
 13750K .......... .......... .......... .......... .......... 53%  219M 0s
 13800K .......... .......... .......... .......... .......... 53%  150M 0s
 13850K .......... .......... .......... .......... .......... 53% 65.3M 0s
 13900K .......... .......... .......... .......... .......... 53% 51.9M 0s
 13950K .......... .......... .......... .......... .......... 53% 8.08M 0s
 14000K .......... .......... .......... .......... .......... 53%  132M 0s
 14050K .......... .......... .......... .......... .......... 54%  166M 0s
 14100K .......... .......... .......... .......... .......... 54%  172M 0s
 14150K .......... .......... .......... .......... .......... 54%  204M 0s
 14200K .......... .......... .......... .......... .......... 54%  201M 0s
 14250K .......... .......... .......... .......... .......... 54%  174M 0s
 14300K .......... .......... .......... .......... .......... 55% 6.71M 0s
 14350K .......... .......... .......... .......... .......... 55%  110M 0s
 14400K .......... .......... .......... .......... .......... 55%  199M 0s
 14450K .......... .......... .......... .......... .......... 55% 91.6M 0s
 14500K .......... .......... .......... .......... .......... 55% 81.0M 0s
 14550K .......... .......... .......... .......... .......... 56% 78.5M 0s
 14600K .......... .......... .......... .......... .......... 56% 73.0M 0s
 14650K .......... .......... .......... .......... .......... 56% 64.4M 0s
 14700K .......... .......... .......... .......... .......... 56% 88.0M 0s
 14750K .......... .......... .......... .......... .......... 56% 5.97M 0s
 14800K .......... .......... .......... .......... .......... 57%  105M 0s
 14850K .......... .......... .......... .......... .......... 57%  160M 0s
 14900K .......... .......... .......... .......... .......... 57%  178M 0s
 14950K .......... .......... .......... .......... .......... 57%  191M 0s
 15000K .......... .......... .......... .......... .......... 57%  174M 0s
 15050K .......... .......... .......... .......... .......... 57%  174M 0s
 15100K .......... .......... .......... .......... .......... 58%  198M 0s
 15150K .......... .......... .......... .......... .......... 58%  202M 0s
 15200K .......... .......... .......... .......... .......... 58% 78.3M 0s
 15250K .......... .......... .......... .......... .......... 58% 4.93M 0s
 15300K .......... .......... .......... .......... .......... 58%  279M 0s
 15350K .......... .......... .......... .......... .......... 59%  119M 0s
 15400K .......... .......... .......... .......... .......... 59%  188M 0s
 15450K .......... .......... .......... .......... .......... 59%  169M 0s
 15500K .......... .......... .......... .......... .......... 59% 83.6M 0s
 15550K .......... .......... .......... .......... .......... 59% 89.3M 0s
 15600K .......... .......... .......... .......... .......... 60% 75.8M 0s
 15650K .......... .......... .......... .......... .......... 60% 60.5M 0s
 15700K .......... .......... .......... .......... .......... 60% 73.3M 0s
 15750K .......... .......... .......... .......... .......... 60% 86.2M 0s
 15800K .......... .......... .......... .......... .......... 60% 81.8M 0s
 15850K .......... .......... .......... .......... .......... 61% 7.37M 0s
 15900K .......... .......... .......... .......... .......... 61%  144M 0s
 15950K .......... .......... .......... .......... .......... 61%  195M 0s
 16000K .......... .......... .......... .......... .......... 61%  207M 0s
 16050K .......... .......... .......... .......... .......... 61%  185M 0s
 16100K .......... .......... .......... .......... .......... 62%  213M 0s
 16150K .......... .......... .......... .......... .......... 62% 3.98M 0s
 16200K .......... .......... .......... .......... .......... 62% 72.5M 0s
 16250K .......... .......... .......... .......... .......... 62% 63.8M 0s
 16300K .......... .......... .......... .......... .......... 62% 70.6M 0s
 16350K .......... .......... .......... .......... .......... 62% 85.1M 0s
 16400K .......... .......... .......... .......... .......... 63% 77.5M 0s
 16450K .......... .......... .......... .......... .......... 63% 67.0M 0s
 16500K .......... .......... .......... .......... .......... 63% 78.7M 0s
 16550K .......... .......... .......... .......... .......... 63% 80.4M 0s
 16600K .......... .......... .......... .......... .......... 63% 66.8M 0s
 16650K .......... .......... .......... .......... .......... 64% 60.6M 0s
 16700K .......... .......... .......... .......... .......... 64% 87.9M 0s
 16750K .......... .......... .......... .......... .......... 64% 87.1M 0s
 16800K .......... .......... .......... .......... .......... 64% 87.5M 0s
 16850K .......... .......... .......... .......... .......... 64% 1.65M 0s
 16900K .......... .......... .......... .......... .......... 65%  166M 0s
 16950K .......... .......... .......... .......... .......... 65%  175M 0s
 17000K .......... .......... .......... .......... .......... 65%  176M 0s
 17050K .......... .......... .......... .......... .......... 65% 70.0M 0s
 17100K .......... .......... .......... .......... .......... 65% 79.0M 0s
 17150K .......... .......... .......... .......... .......... 66% 76.5M 0s
 17200K .......... .......... .......... .......... .......... 66% 73.1M 0s
 17250K .......... .......... .......... .......... .......... 66% 55.5M 0s
 17300K .......... .......... .......... .......... .......... 66% 83.8M 0s
 17350K .......... .......... .......... .......... .......... 66% 6.33M 0s
 17400K .......... .......... .......... .......... .......... 67% 79.6M 0s
 17450K .......... .......... .......... .......... .......... 67% 59.0M 0s
 17500K .......... .......... .......... .......... .......... 67%  109M 0s
 17550K .......... .......... .......... .......... .......... 67%  109M 0s
 17600K .......... .......... .......... .......... .......... 67% 66.7M 0s
 17650K .......... .......... .......... .......... .......... 67% 59.2M 0s
 17700K .......... .......... .......... .......... .......... 68% 67.6M 0s
 17750K .......... .......... .......... .......... .......... 68% 68.6M 0s
 17800K .......... .......... .......... .......... .......... 68% 69.9M 0s
 17850K .......... .......... .......... .......... .......... 68% 57.2M 0s
 17900K .......... .......... .......... .......... .......... 68% 70.8M 0s
 17950K .......... .......... .......... .......... .......... 69% 67.8M 0s
 18000K .......... .......... .......... .......... .......... 69% 70.7M 0s
 18050K .......... .......... .......... .......... .......... 69% 60.7M 0s
 18100K .......... .......... .......... .......... .......... 69% 71.5M 0s
 18150K .......... .......... .......... .......... .......... 69% 77.2M 0s
 18200K .......... .......... .......... .......... .......... 70% 6.69M 0s
 18250K .......... .......... .......... .......... .......... 70% 64.0M 0s
 18300K .......... .......... .......... .......... .......... 70% 77.5M 0s
 18350K .......... .......... .......... .......... .......... 70% 79.1M 0s
 18400K .......... .......... .......... .......... .......... 70% 82.9M 0s
 18450K .......... .......... .......... .......... .......... 71% 65.6M 0s
 18500K .......... .......... .......... .......... .......... 71% 74.7M 0s
 18550K .......... .......... .......... .......... .......... 71% 76.5M 0s
 18600K .......... .......... .......... .......... .......... 71% 91.2M 0s
 18650K .......... .......... .......... .......... .......... 71% 84.3M 0s
 18700K .......... .......... .......... .......... .......... 72%  112M 0s
 18750K .......... .......... .......... .......... .......... 72%  108M 0s
 18800K .......... .......... .......... .......... .......... 72%  104M 0s
 18850K .......... .......... .......... .......... .......... 72% 96.2M 0s
 18900K .......... .......... .......... .......... .......... 72%  111M 0s
 18950K .......... .......... .......... .......... .......... 72% 62.7M 0s
 19000K .......... .......... .......... .......... .......... 73% 78.9M 0s
 19050K .......... .......... .......... .......... .......... 73% 87.1M 0s
 19100K .......... .......... .......... .......... .......... 73% 6.91M 0s
 19150K .......... .......... .......... .......... .......... 73% 76.6M 0s
 19200K .......... .......... .......... .......... .......... 73% 79.4M 0s
 19250K .......... .......... .......... .......... .......... 74% 69.9M 0s
 19300K .......... .......... .......... .......... .......... 74% 84.7M 0s
 19350K .......... .......... .......... .......... .......... 74% 76.1M 0s
 19400K .......... .......... .......... .......... .......... 74% 70.8M 0s
 19450K .......... .......... .......... .......... .......... 74% 66.7M 0s
 19500K .......... .......... .......... .......... .......... 75% 83.3M 0s
 19550K .......... .......... .......... .......... .......... 75% 79.5M 0s
 19600K .......... .......... .......... .......... .......... 75% 75.6M 0s
 19650K .......... .......... .......... .......... .......... 75% 71.5M 0s
 19700K .......... .......... .......... .......... .......... 75% 73.5M 0s
 19750K .......... .......... .......... .......... .......... 76% 75.4M 0s
 19800K .......... .......... .......... .......... .......... 76% 74.7M 0s
 19850K .......... .......... .......... .......... .......... 76% 75.6M 0s
 19900K .......... .......... .......... .......... .......... 76% 81.4M 0s
 19950K .......... .......... .......... .......... .......... 76% 6.35M 0s
 20000K .......... .......... .......... .......... .......... 77% 79.5M 0s
 20050K .......... .......... .......... .......... .......... 77% 74.4M 0s
 20100K .......... .......... .......... .......... .......... 77% 76.0M 0s
 20150K .......... .......... .......... .......... .......... 77% 76.6M 0s
 20200K .......... .......... .......... .......... .......... 77% 78.4M 0s
 20250K .......... .......... .......... .......... .......... 77% 65.7M 0s
 20300K .......... .......... .......... .......... .......... 78% 86.2M 0s
 20350K .......... .......... .......... .......... .......... 78% 76.4M 0s
 20400K .......... .......... .......... .......... .......... 78% 73.7M 0s
 20450K .......... .......... .......... .......... .......... 78% 72.2M 0s
 20500K .......... .......... .......... .......... .......... 78% 81.8M 0s
 20550K .......... .......... .......... .......... .......... 79% 77.4M 0s
 20600K .......... .......... .......... .......... .......... 79% 78.8M 0s
 20650K .......... .......... .......... .......... .......... 79% 65.1M 0s
 20700K .......... .......... .......... .......... .......... 79% 79.0M 0s
 20750K .......... .......... .......... .......... .......... 79% 80.5M 0s
 20800K .......... .......... .......... .......... .......... 80% 4.39M 0s
 20850K .......... .......... .......... .......... .......... 80% 62.9M 0s
 20900K .......... .......... .......... .......... .......... 80% 76.0M 0s
 20950K .......... .......... .......... .......... .......... 80% 72.1M 0s
 21000K .......... .......... .......... .......... .......... 80% 74.2M 0s
 21050K .......... .......... .......... .......... .......... 81% 64.6M 0s
 21100K .......... .......... .......... .......... .......... 81% 78.7M 0s
 21150K .......... .......... .......... .......... .......... 81% 72.6M 0s
 21200K .......... .......... .......... .......... .......... 81% 76.8M 0s
 21250K .......... .......... .......... .......... .......... 81% 63.0M 0s
 21300K .......... .......... .......... .......... .......... 81% 74.3M 0s
 21350K .......... .......... .......... .......... .......... 82% 78.3M 0s
 21400K .......... .......... .......... .......... .......... 82% 63.9M 0s
 21450K .......... .......... .......... .......... .......... 82% 66.9M 0s
 21500K .......... .......... .......... .......... .......... 82% 74.6M 0s
 21550K .......... .......... .......... .......... .......... 82% 72.1M 0s
 21600K .......... .......... .......... .......... .......... 83% 74.6M 0s
 21650K .......... .......... .......... .......... .......... 83% 66.0M 0s
 21700K .......... .......... .......... .......... .......... 83% 63.9M 0s
 21750K .......... .......... .......... .......... .......... 83% 77.1M 0s
 21800K .......... .......... .......... .......... .......... 83% 72.2M 0s
 21850K .......... .......... .......... .......... .......... 84% 67.9M 0s
 21900K .......... .......... .......... .......... .......... 84% 73.4M 0s
 21950K .......... .......... .......... .......... .......... 84% 67.0M 0s
 22000K .......... .......... .......... .......... .......... 84% 66.2M 0s
 22050K .......... .......... .......... .......... .......... 84% 6.50M 0s
 22100K .......... .......... .......... .......... .......... 85% 74.5M 0s
 22150K .......... .......... .......... .......... .......... 85% 71.9M 0s
 22200K .......... .......... .......... .......... .......... 85% 81.8M 0s
 22250K .......... .......... .......... .......... .......... 85% 63.8M 0s
 22300K .......... .......... .......... .......... .......... 85% 77.4M 0s
 22350K .......... .......... .......... .......... .......... 86% 79.0M 0s
 22400K .......... .......... .......... .......... .......... 86% 85.6M 0s
 22450K .......... .......... .......... .......... .......... 86% 66.1M 0s
 22500K .......... .......... .......... .......... .......... 86% 83.2M 0s
 22550K .......... .......... .......... .......... .......... 86% 74.3M 0s
 22600K .......... .......... .......... .......... .......... 86% 79.1M 0s
 22650K .......... .......... .......... .......... .......... 87% 63.2M 0s
 22700K .......... .......... .......... .......... .......... 87% 74.8M 0s
 22750K .......... .......... .......... .......... .......... 87% 81.2M 0s
 22800K .......... .......... .......... .......... .......... 87% 76.2M 0s
 22850K .......... .......... .......... .......... .......... 87% 7.26M 0s
 22900K .......... .......... .......... .......... .......... 88% 73.7M 0s
 22950K .......... .......... .......... .......... .......... 88% 80.0M 0s
 23000K .......... .......... .......... .......... .......... 88% 76.1M 0s
 23050K .......... .......... .......... .......... .......... 88% 62.7M 0s
 23100K .......... .......... .......... .......... .......... 88% 76.2M 0s
 23150K .......... .......... .......... .......... .......... 89% 71.9M 0s
 23200K .......... .......... .......... .......... .......... 89% 72.7M 0s
 23250K .......... .......... .......... .......... .......... 89% 68.5M 0s
 23300K .......... .......... .......... .......... .......... 89% 77.5M 0s
 23350K .......... .......... .......... .......... .......... 89% 73.5M 0s
 23400K .......... .......... .......... .......... .......... 90% 75.6M 0s
 23450K .......... .......... .......... .......... .......... 90% 65.4M 0s
 23500K .......... .......... .......... .......... .......... 90% 75.6M 0s
 23550K .......... .......... .......... .......... .......... 90% 74.0M 0s
 23600K .......... .......... .......... .......... .......... 90% 6.45M 0s
 23650K .......... .......... .......... .......... .......... 91% 67.6M 0s
 23700K .......... .......... .......... .......... .......... 91% 73.9M 0s
 23750K .......... .......... .......... .......... .......... 91% 76.4M 0s
 23800K .......... .......... .......... .......... .......... 91% 74.1M 0s
 23850K .......... .......... .......... .......... .......... 91% 62.3M 0s
 23900K .......... .......... .......... .......... .......... 91% 75.1M 0s
 23950K .......... .......... .......... .......... .......... 92% 83.9M 0s
 24000K .......... .......... .......... .......... .......... 92% 73.1M 0s
 24050K .......... .......... .......... .......... .......... 92% 67.1M 0s
 24100K .......... .......... .......... .......... .......... 92% 72.7M 0s
 24150K .......... .......... .......... .......... .......... 92% 84.4M 0s
 24200K .......... .......... .......... .......... .......... 93% 73.2M 0s
 24250K .......... .......... .......... .......... .......... 93% 61.7M 0s
 24300K .......... .......... .......... .......... .......... 93% 77.6M 0s
 24350K .......... .......... .......... .......... .......... 93% 87.5M 0s
 24400K .......... .......... .......... .......... .......... 93% 74.5M 0s
 24450K .......... .......... .......... .......... .......... 94% 4.16M 0s
 24500K .......... .......... .......... .......... .......... 94% 68.0M 0s
 24550K .......... .......... .......... .......... .......... 94% 72.8M 0s
 24600K .......... .......... .......... .......... .......... 94% 67.7M 0s
 24650K .......... .......... .......... .......... .......... 94% 58.1M 0s
 24700K .......... .......... .......... .......... .......... 95% 68.7M 0s
 24750K .......... .......... .......... .......... .......... 95% 63.7M 0s
 24800K .......... .......... .......... .......... .......... 95% 70.0M 0s
 24850K .......... .......... .......... .......... .......... 95% 57.0M 0s
 24900K .......... .......... .......... .......... .......... 95% 68.1M 0s
 24950K .......... .......... .......... .......... .......... 96% 73.7M 0s
 25000K .......... .......... .......... .......... .......... 96% 70.2M 0s
 25050K .......... .......... .......... .......... .......... 96% 60.8M 0s
 25100K .......... .......... .......... .......... .......... 96% 70.6M 0s
 25150K .......... .......... .......... .......... .......... 96% 76.2M 0s
 25200K .......... .......... .......... .......... .......... 96% 69.0M 0s
 25250K .......... .......... .......... .......... .......... 97% 78.0M 0s
 25300K .......... .......... .......... .......... .......... 97%  114M 0s
 25350K .......... .......... .......... .......... .......... 97%  104M 0s
 25400K .......... .......... .......... .......... .......... 97%  113M 0s
 25450K .......... .......... .......... .......... .......... 97% 95.3M 0s
 25500K .......... .......... .......... .......... .......... 98%  113M 0s
 25550K .......... .......... .......... .......... .......... 98%  115M 0s
 25600K .......... .......... .......... .......... .......... 98%  113M 0s
 25650K .......... .......... .......... .......... .......... 98% 96.6M 0s
 25700K .......... .......... .......... .......... .......... 98%  112M 0s
 25750K .......... .......... .......... .......... .......... 99%  108M 0s
 25800K .......... .......... .......... .......... .......... 99%  114M 0s
 25850K .......... .......... .......... .......... .......... 99% 96.1M 0s
 25900K .......... .......... .......... .......... .......... 99%  111M 0s
 25950K .......... .......... .......... .......... .......... 99%  114M 0s
 26000K .......... .......... .......... .......              100% 46.2M=0.8s

2021-12-19 15:03:28 (32.8 MB/s) - ‘/tmp/platform-engine.zip’ saved [26661950/26661950]

Archive:  /tmp/platform-engine.zip
  inflating: /opt/elasticbeanstalk/bin/platform-engine  
  inflating: /opt/elasticbeanstalk/bin/publishlogs  
  inflating: /opt/elasticbeanstalk/bin/pkg-repo  
  inflating: /opt/elasticbeanstalk/bin/get-config  
  inflating: /opt/elasticbeanstalk/config/private/aws-eb.target  
  inflating: /opt/elasticbeanstalk/config/private/logrotate/logrotate-cron.template  
  inflating: /opt/elasticbeanstalk/config/private/logrotate/logrotate.template  
  inflating: /opt/elasticbeanstalk/config/private/systemd.template  
  inflating: /opt/elasticbeanstalk/config/private/systemd-append.template  
  inflating: /opt/elasticbeanstalk/config/private/guidlocking/repo.py  
  inflating: /opt/elasticbeanstalk/config/private/healthd/healthd_httpd.conf  
  inflating: /opt/elasticbeanstalk/config/private/healthd/healthd_nginx.conf  
  inflating: /opt/elasticbeanstalk/config/private/healthd/healthd_logformat.conf  
  inflating: /opt/elasticbeanstalk/config/private/healthd/healthddependency  
  inflating: /opt/elasticbeanstalk/config/private/healthd/logcleanup-cron.template  
  inflating: /opt/elasticbeanstalk/config/private/healthd/config.yaml.template  
 extracting: /opt/elasticbeanstalk/config/private/restartcfn.sh  
  inflating: /opt/elasticbeanstalk/config/private/sqsd/default.yaml.template  
  inflating: /opt/elasticbeanstalk/config/private/sqsd/sqsdversion.json  
  inflating: /opt/elasticbeanstalk/config/private/beanstalk-magic  
  inflating: /opt/elasticbeanstalk/config/private/containercommandsupport/leader-test.sh  
  inflating: /opt/elasticbeanstalk/config/private/containercommandsupport/container-defaults.sh  
  inflating: /opt/elasticbeanstalk/config/private/ruby_common_env  
  inflating: /opt/elasticbeanstalk/config/private/nginx/applicationport.conf.template  
  inflating: /opt/elasticbeanstalk/config/private/nginx/staticfilesmapping.conf.template  
  inflating: /opt/elasticbeanstalk/config/private/nginx/nginx.conf.template  
  inflating: /opt/elasticbeanstalk/config/private/cfn-hup.conf.template  
  inflating: /opt/elasticbeanstalk/config/private/httpd/applicationport.conf.template  
  inflating: /opt/elasticbeanstalk/config/private/httpd/staticfilesmapping.conf.template  
  inflating: /opt/elasticbeanstalk/config/private/httpd/gzip.conf  
  inflating: /opt/elasticbeanstalk/config/private/httpd/httpd.conf.template  
  inflating: /opt/elasticbeanstalk/config/private/cfn-hup-wrapper  
  inflating: /opt/elasticbeanstalk/config/private/eb-banner  
  inflating: /opt/elasticbeanstalk/config/private/aws-eb-command-handler.conf  
  inflating: /opt/elasticbeanstalk/config/private/rsyslog.conf.template  
  inflating: /opt/elasticbeanstalk/config/private/logtasks/cron/publishlogs  
  inflating: /opt/elasticbeanstalk/tasks/taillogs.d/eb-engine.conf  
  inflating: /opt/elasticbeanstalk/tasks/bundlelogs.d/eb-app.conf  
  inflating: /opt/elasticbeanstalk/tasks/bundlelogs.d/eb-system.conf  
 extracting: /opt/elasticbeanstalk/tasks/bundlelogs.d/cloud-init-system.conf  
 extracting: /opt/elasticbeanstalk/tasks/bundlelogs.d/eb-hooks.conf  
  inflating: /opt/elasticbeanstalk/tasks/bundlelogs.d/system.conf  
  inflating: /opt/elasticbeanstalk/tasks/bundlelogs.d/cfn-system.conf  
 extracting: /opt/elasticbeanstalk/tasks/bundlelogs.d/rotate.conf  
 extracting: /opt/elasticbeanstalk/tasks/publishlogs.d/eb-app.conf  
[2021-12-19T15:03:32.614Z] Successfully bootstrapped instance.
[2021-12-19T15:03:32.638Z] Sending signal 0 to CFN wait condition https://cloudformation-waitcondition-us-west-2.s3-us-west-2.amazonaws.com/arn%3Aaws%3Acloudformation%3Aus-west-2%3A222477928330%3Astack/awseb-e-m3rhdv3whj-stack/9b6398b0-60dc-11ec-83de-06d630cd98f9/AWSEBInstanceLaunchWaitHandle?X-Amz-Algorithm=AWS4-HMAC-SHA256&X-Amz-Date=20211219T150201Z&X-Amz-SignedHeaders=host&X-Amz-Expires=86399&X-Amz-Credential=AKIAJBJSWSW6NLR67N6A%2F20211219%2Fus-west-2%2Fs3%2Faws4_request&X-Amz-Signature=d820736d411606a365e1dcb70031d061a54d604cb636c7bcb7c5d5b9a375bc83
CloudFormation signaled successfully with %s.
[2021-12-19T15:03:33.450Z] Tailing /var/log/eb-commandprocessor.log

******************* eb-commandprocessor taillog *******************
***eb-commandprocessor is not available yet.***
******************* End of taillog *******************


[2021-12-19T15:03:33.470Z] Tailing /var/log/eb-activity.log

******************* eb-activity taillog *******************
***eb-activity is not available yet.***
******************* End of taillog *******************


[2021-12-19T15:03:33.486Z] Tailing /var/log/eb-tools.log

******************* eb-tools taillog *******************
***eb-tools is not available yet.***
******************* End of taillog *******************


[2021-12-19T15:03:33.509Z] Tailing /var/log/eb-version-deployment.log

******************* eb-version-deployment taillog *******************
***eb-version-deployment is not available yet.***
******************* End of taillog *******************


[2021-12-19T15:03:33.526Z] Tailing /var/log/cfn-init.log

******************* cfn-init taillog *******************
2021-12-19 15:03:27,381 [INFO] -----------------------Starting build-----------------------
2021-12-19 15:03:27,399 [INFO] Running configSets: _OnInstanceBoot
2021-12-19 15:03:27,401 [INFO] Running configSet _OnInstanceBoot
2021-12-19 15:03:27,404 [INFO] Running config AWSEBBaseConfig
2021-12-19 15:03:27,586 [INFO] Command clearbackupfiles succeeded
2021-12-19 15:03:27,590 [INFO] Running config AWSEBCfnHupEndpointOverride
2021-12-19 15:03:27,594 [INFO] Command clearbackupfiles succeeded
2021-12-19 15:03:27,595 [INFO] ConfigSets completed
2021-12-19 15:03:27,596 [INFO] -----------------------Build complete-----------------------
******************* End of taillog *******************


[2021-12-19T15:03:33.546Z] Tailing /var/log/cfn-hup.log

******************* cfn-hup taillog *******************
2021-12-19 15:03:33,238 [DEBUG] CloudFormation client initialized with endpoint https://cloudformation.us-west-2.amazonaws.com
2021-12-19 15:03:33,238 [DEBUG] SQS client initialized with endpoint https://sqs.us-west-2.amazonaws.com
2021-12-19 15:03:33,239 [DEBUG] CloudFormation client initialized with endpoint https://cloudformation.us-west-2.amazonaws.com
2021-12-19 15:03:33,239 [DEBUG] Enabled single threading mode.
2021-12-19 15:03:33,239 [DEBUG] Creating /var/lib/cfn-hup/data
2021-12-19 15:03:33,258 [INFO] No umask value specified in config file. Using the default one: 0o22
******************* End of taillog *******************


[2021-12-19T15:03:33.566Z] Completed EB Bootstrapping Script.
+ RESULT=0
+ [[ 0 -ne 0 ]]
+ exit 0
